<?xml version="1.0" encoding="UTF-8"?>
<!-- Generated by org.testng.reporters.JUnitReportReporter -->
<testsuite hostname="Saranya" failures="0" tests="5" name="com.runner.RunnerTestNg" time="67.568" errors="0" timestamp="2025-04-07T16:00:37 IST" skipped="0">
  <testcase classname="com.runner.RunnerTestNg" name="runScenario" time="16.110"/>
  <testcase classname="com.runner.RunnerTestNg" name="runScenario" time="17.078"/>
  <testcase classname="com.runner.RunnerTestNg" name="runScenario" time="7.801"/>
  <testcase classname="com.runner.RunnerTestNg" name="runScenario" time="11.780"/>
  <testcase classname="com.runner.RunnerTestNg" name="runScenario" time="14.799"/>
</testsuite> <!-- com.runner.RunnerTestNg -->
